<?xml version="1.0" encoding="UTF-8"?>
<!-- Generated by org.testng.reporters.JUnitReportReporter -->
<testsuite hostname="MDB21LT366" failures="0" tests="1" name="com.picnic.selenium.SeleniuminMaven" time="21.962" errors="0" timestamp="2021-09-22T11:18:36 IST" skipped="0">
  <testcase classname="com.picnic.selenium.SeleniuminMaven" name="mavsel" time="21.962"/>
  <system-out/>
</testsuite> <!-- com.picnic.selenium.SeleniuminMaven -->
