<?xml version="1.0" encoding="UTF-8"?>
<!-- Generated by org.testng.reporters.JUnitReportReporter -->
<testsuite hostname="MDB21LT366" failures="0" tests="1" name="com.picniiic.SeleniumGA1.UsingObjectsIA" time="36.209" errors="0" timestamp="2021-09-27T12:50:48 IST" skipped="0">
  <testcase classname="com.picniiic.SeleniumGA1.UsingObjectsIA" name="selenium1" time="36.209"/>
  <system-out/>
</testsuite> <!-- com.picniiic.SeleniumGA1.UsingObjectsIA -->
