<?xml version="1.0" encoding="UTF-8"?>
<!-- Generated by org.testng.reporters.JUnitReportReporter -->
<testsuite hostname="MDB21LT366" failures="0" tests="2" name="com.picniiic.SeleniumGA1.RecorderScript" time="35.437" errors="0" timestamp="2021-09-29T15:01:39 IST" skipped="0">
  <testcase classname="com.picniiic.SeleniumGA1.RecorderScript" name="testParameterWithXML" time="19.091"/>
  <system-out/>
  <testcase classname="com.picniiic.SeleniumGA1.RecorderScript" name="testParameterWithXML" time="16.346"/>
  <system-out/>
</testsuite> <!-- com.picniiic.SeleniumGA1.RecorderScript -->
