<?xml version="1.0" encoding="UTF-8"?>
<!-- Generated by org.testng.reporters.JUnitReportReporter -->
<testsuite hostname="MDB21LT366" failures="0" tests="1" name="com.picnic.selenium.SeleniuminMaven1" time="21.253" errors="0" timestamp="2021-09-22T11:23:14 IST" skipped="0">
  <testcase classname="com.picnic.selenium.SeleniuminMaven1" name="mavsel" time="21.253"/>
  <system-out/>
</testsuite> <!-- com.picnic.selenium.SeleniuminMaven1 -->
