<?xml version="1.0" encoding="UTF-8"?>
<!-- Generated by org.testng.reporters.JUnitReportReporter -->
<testsuite skipped="0" hostname="MDB21LT366" name="com.picnic.selenium.SeleniuminMaven1" tests="1" failures="0" timestamp="2021-09-30T01:56:35 IST" time="29.165" errors="0">
  <testcase name="mavsel" time="29.165" classname="com.picnic.selenium.SeleniuminMaven1"/>
  <system-out/>
</testsuite> <!-- com.picnic.selenium.SeleniuminMaven1 -->
